[2021-11-29T21:45:32+08:00][sql] CONNECT:[ UseTime:0.000308s ] mysql:host=localhost;port=3306;dbname=ztpay;charset=utf8
[2021-11-29T21:45:32+08:00][sql] SHOW FULL COLUMNS FROM `fox_pay_qrcode` [ RunTime:0.000793s ]
[2021-11-29T21:45:32+08:00][sql] SELECT * FROM `fox_pay_qrcode` WHERE  `id` = 1 LIMIT 1 [ RunTime:0.000266s ]
[2021-11-29T21:45:32+08:00][sql] SHOW FULL COLUMNS FROM `fox_pay_shop` [ RunTime:0.000761s ]
[2021-11-29T21:45:32+08:00][sql] SELECT * FROM `fox_pay_shop` WHERE  `id` = 1 LIMIT 1 [ RunTime:0.000242s ]
[2021-11-29T21:46:32+08:00][sql] CONNECT:[ UseTime:0.000307s ] mysql:host=localhost;port=3306;dbname=ztpay;charset=utf8
[2021-11-29T21:46:32+08:00][sql] SHOW FULL COLUMNS FROM `fox_pay_qrcode` [ RunTime:0.000812s ]
[2021-11-29T21:46:32+08:00][sql] SELECT * FROM `fox_pay_qrcode` WHERE  `id` = 1 LIMIT 1 [ RunTime:0.000236s ]
[2021-11-29T21:46:32+08:00][sql] SHOW FULL COLUMNS FROM `fox_pay_shop` [ RunTime:0.000615s ]
[2021-11-29T21:46:32+08:00][sql] SELECT * FROM `fox_pay_shop` WHERE  `id` = 1 LIMIT 1 [ RunTime:0.000181s ]
[2021-11-29T21:57:34+08:00][sql] CONNECT:[ UseTime:0.000255s ] mysql:host=localhost;port=3306;dbname=ztpay;charset=utf8
[2021-11-29T21:57:34+08:00][sql] SHOW FULL COLUMNS FROM `fox_pay_qrcode` [ RunTime:0.000837s ]
[2021-11-29T21:57:34+08:00][sql] SELECT * FROM `fox_pay_qrcode` WHERE  `id` = 1 LIMIT 1 [ RunTime:0.000227s ]
[2021-11-29T21:57:34+08:00][sql] SHOW FULL COLUMNS FROM `fox_pay_shop` [ RunTime:0.000610s ]
[2021-11-29T21:57:34+08:00][sql] SELECT * FROM `fox_pay_shop` WHERE  `id` = 1 LIMIT 1 [ RunTime:0.000231s ]
[2021-11-29T21:57:34+08:00][sql] SHOW FULL COLUMNS FROM `fox_pay_server` [ RunTime:0.000712s ]
[2021-11-29T21:57:34+08:00][sql] SELECT `config` FROM `fox_pay_server` WHERE  `id` = 1 LIMIT 1 [ RunTime:0.000238s ]
[2021-11-29T21:57:38+08:00][sql] CONNECT:[ UseTime:0.000273s ] mysql:host=localhost;port=3306;dbname=ztpay;charset=utf8
[2021-11-29T21:57:38+08:00][sql] SHOW FULL COLUMNS FROM `fox_pay_qrcode` [ RunTime:0.000796s ]
[2021-11-29T21:57:38+08:00][sql] SELECT * FROM `fox_pay_qrcode` WHERE  `id` = 1 LIMIT 1 [ RunTime:0.000233s ]
[2021-11-29T21:57:38+08:00][sql] SHOW FULL COLUMNS FROM `fox_pay_shop` [ RunTime:0.000702s ]
[2021-11-29T21:57:38+08:00][sql] SELECT * FROM `fox_pay_shop` WHERE  `id` = 1 LIMIT 1 [ RunTime:0.000236s ]
[2021-11-29T21:57:38+08:00][sql] SHOW FULL COLUMNS FROM `fox_pay_order` [ RunTime:0.000615s ]
[2021-11-29T21:57:38+08:00][sql] INSERT INTO `fox_pay_order` SET `agent_id` = 1 , `shop_id` = 1 , `qrcode_id` = 1 , `user_id` = '' , `out_trade_no` = 'W202111292157389790' , `transaction_id` = '' , `total_fee` = 100 , `order_type` = 'pay' , `pay_type` = 'wxpay' , `remark` = '' , `status` = 0 , `add_time` = 1638194258 [ RunTime:0.005668s ]
[2021-11-29T21:57:38+08:00][sql] SHOW FULL COLUMNS FROM `fox_pay_server` [ RunTime:0.000851s ]
[2021-11-29T21:57:38+08:00][sql] SELECT `config` FROM `fox_pay_server` WHERE  `id` = 1 LIMIT 1 [ RunTime:0.000194s ]
[2021-11-29T21:57:38+08:00][sql] UPDATE `fox_pay_order`  SET `rate` = '20'  WHERE  `id` = 1 [ RunTime:0.006799s ]
[2021-11-29T22:45:12+08:00][sql] CONNECT:[ UseTime:0.000260s ] mysql:host=localhost;port=3306;dbname=ztpay;charset=utf8
[2021-11-29T22:45:12+08:00][sql] SHOW FULL COLUMNS FROM `fox_pay_qrcode` [ RunTime:0.000844s ]
[2021-11-29T22:45:12+08:00][sql] SELECT * FROM `fox_pay_qrcode` WHERE  `id` = 2 LIMIT 1 [ RunTime:0.000272s ]
[2021-11-29T22:45:12+08:00][sql] SHOW FULL COLUMNS FROM `fox_pay_shop` [ RunTime:0.000611s ]
[2021-11-29T22:45:12+08:00][sql] SELECT * FROM `fox_pay_shop` WHERE  `id` = 1 LIMIT 1 [ RunTime:0.000182s ]
[2021-11-29T22:45:12+08:00][sql] SHOW FULL COLUMNS FROM `fox_pay_server` [ RunTime:0.000492s ]
[2021-11-29T22:45:12+08:00][sql] SELECT `config` FROM `fox_pay_server` WHERE  `id` = 1 LIMIT 1 [ RunTime:0.000156s ]
[2021-11-29T22:45:25+08:00][sql] CONNECT:[ UseTime:0.000257s ] mysql:host=localhost;port=3306;dbname=ztpay;charset=utf8
[2021-11-29T22:45:25+08:00][sql] SHOW FULL COLUMNS FROM `fox_pay_qrcode` [ RunTime:0.000710s ]
[2021-11-29T22:45:25+08:00][sql] SELECT * FROM `fox_pay_qrcode` WHERE  `id` = 1 LIMIT 1 [ RunTime:0.000256s ]
[2021-11-29T22:45:25+08:00][sql] SHOW FULL COLUMNS FROM `fox_pay_shop` [ RunTime:0.000604s ]
[2021-11-29T22:45:25+08:00][sql] SELECT * FROM `fox_pay_shop` WHERE  `id` = 1 LIMIT 1 [ RunTime:0.000181s ]
[2021-11-29T22:45:25+08:00][sql] SHOW FULL COLUMNS FROM `fox_pay_server` [ RunTime:0.000507s ]
[2021-11-29T22:45:25+08:00][sql] SELECT `config` FROM `fox_pay_server` WHERE  `id` = 1 LIMIT 1 [ RunTime:0.000215s ]
[2021-11-29T22:45:27+08:00][sql] CONNECT:[ UseTime:0.000254s ] mysql:host=localhost;port=3306;dbname=ztpay;charset=utf8
[2021-11-29T22:45:27+08:00][sql] SHOW FULL COLUMNS FROM `fox_pay_qrcode` [ RunTime:0.000938s ]
[2021-11-29T22:45:27+08:00][sql] SELECT * FROM `fox_pay_qrcode` WHERE  `id` = 1 LIMIT 1 [ RunTime:0.000245s ]
[2021-11-29T22:45:27+08:00][sql] SHOW FULL COLUMNS FROM `fox_pay_shop` [ RunTime:0.000831s ]
[2021-11-29T22:45:27+08:00][sql] SELECT * FROM `fox_pay_shop` WHERE  `id` = 1 LIMIT 1 [ RunTime:0.000231s ]
[2021-11-29T22:45:27+08:00][sql] SHOW FULL COLUMNS FROM `fox_pay_order` [ RunTime:0.000733s ]
[2021-11-29T22:45:27+08:00][sql] INSERT INTO `fox_pay_order` SET `agent_id` = 1 , `shop_id` = 1 , `qrcode_id` = 1 , `user_id` = '' , `out_trade_no` = 'W202111292245266465' , `transaction_id` = '' , `total_fee` = 100 , `order_type` = 'pay' , `pay_type` = 'wxpay' , `remark` = '' , `status` = 0 , `add_time` = 1638197126 [ RunTime:0.004189s ]
[2021-11-29T22:45:27+08:00][sql] SHOW FULL COLUMNS FROM `fox_pay_server` [ RunTime:0.000603s ]
[2021-11-29T22:45:27+08:00][sql] SELECT `config` FROM `fox_pay_server` WHERE  `id` = 1 LIMIT 1 [ RunTime:0.000187s ]
[2021-11-29T22:45:27+08:00][sql] UPDATE `fox_pay_order`  SET `rate` = '20'  WHERE  `id` = 2 [ RunTime:0.004706s ]
